{
"contracts\\Raffle.sol":{"l":{"53":3,"54":3,"55":3,"56":3,"57":3,"58":3,"59":3,"60":3,"64":11,"65":1,"67":10,"68":1,"70":9,"71":9,"84":9,"85":9,"86":9,"87":9,"88":9,"94":5,"95":5,"96":1,"102":4,"104":4,"112":4,"119":0,"120":0,"121":0,"122":0,"124":0,"125":0,"126":0,"127":0,"128":0,"131":0,"135":13,"139":1,"143":0,"147":3,"151":0,"155":0,"159":0,"163":0,"167":1},"path":"C:\\Users\\Administrator\\projects\\blockchain\\solidity-fcc\\hardhat-lottery\\contracts\\Raffle.sol","s":{"1":3,"2":3,"3":3,"4":3,"5":3,"6":3,"7":3,"8":3,"9":11,"10":10,"11":9,"12":9,"13":9,"14":9,"15":9,"16":9,"17":9,"18":5,"19":5,"20":4,"21":4,"22":4,"23":0,"24":0,"25":0,"26":0,"27":0,"28":0,"29":0,"30":0,"31":0,"32":13,"33":1,"34":0,"35":3,"36":0,"37":0,"38":0,"39":0,"40":1},"b":{"1":[1,10],"2":[1,9],"3":[1,4],"4":[0,0]},"f":{"1":3,"2":11,"3":9,"4":5,"5":0,"6":13,"7":1,"8":0,"9":3,"10":0,"11":0,"12":0,"13":0,"14":1},"fnMap":{"1":{"name":"constructor","line":52,"loc":{"start":{"line":45,"column":2},"end":{"line":61,"column":2}}},"2":{"name":"enterRaffle","line":63,"loc":{"start":{"line":63,"column":2},"end":{"line":72,"column":2}}},"3":{"name":"checkUpkeep","line":74,"loc":{"start":{"line":74,"column":2},"end":{"line":89,"column":2}}},"4":{"name":"performUpkeep","line":91,"loc":{"start":{"line":91,"column":2},"end":{"line":113,"column":2}}},"5":{"name":"fulfillRandomWords","line":115,"loc":{"start":{"line":115,"column":2},"end":{"line":132,"column":2}}},"6":{"name":"getEntranceFee","line":134,"loc":{"start":{"line":134,"column":2},"end":{"line":136,"column":2}}},"7":{"name":"getPlayer","line":138,"loc":{"start":{"line":138,"column":2},"end":{"line":140,"column":2}}},"8":{"name":"getRecentWinner","line":142,"loc":{"start":{"line":142,"column":2},"end":{"line":144,"column":2}}},"9":{"name":"getRaffleState","line":146,"loc":{"start":{"line":146,"column":2},"end":{"line":148,"column":2}}},"10":{"name":"getNumWords","line":150,"loc":{"start":{"line":150,"column":2},"end":{"line":152,"column":2}}},"11":{"name":"getNumberOfPlayers","line":154,"loc":{"start":{"line":154,"column":2},"end":{"line":156,"column":2}}},"12":{"name":"getLatestTimeStamp","line":158,"loc":{"start":{"line":158,"column":2},"end":{"line":160,"column":2}}},"13":{"name":"getRequestConfirmations","line":162,"loc":{"start":{"line":162,"column":2},"end":{"line":164,"column":2}}},"14":{"name":"getInterval","line":166,"loc":{"start":{"line":166,"column":2},"end":{"line":168,"column":2}}}},"statementMap":{"1":{"start":{"line":53,"column":4},"end":{"line":53,"column":30}},"2":{"start":{"line":54,"column":4},"end":{"line":54,"column":65}},"3":{"start":{"line":55,"column":4},"end":{"line":55,"column":22}},"4":{"start":{"line":56,"column":4},"end":{"line":56,"column":36}},"5":{"start":{"line":57,"column":4},"end":{"line":57,"column":40}},"6":{"start":{"line":58,"column":4},"end":{"line":58,"column":35}},"7":{"start":{"line":59,"column":4},"end":{"line":59,"column":36}},"8":{"start":{"line":60,"column":4},"end":{"line":60,"column":24}},"9":{"start":{"line":64,"column":4},"end":{"line":64,"column":1963}},"10":{"start":{"line":67,"column":4},"end":{"line":67,"column":2053}},"11":{"start":{"line":70,"column":4},"end":{"line":70,"column":38}},"12":{"start":{"line":71,"column":4},"end":{"line":71,"column":32}},"13":{"start":{"line":84,"column":4},"end":{"line":84,"column":53}},"14":{"start":{"line":85,"column":4},"end":{"line":85,"column":72}},"15":{"start":{"line":86,"column":4},"end":{"line":86,"column":44}},"16":{"start":{"line":87,"column":4},"end":{"line":87,"column":49}},"17":{"start":{"line":88,"column":4},"end":{"line":88,"column":68}},"18":{"start":{"line":94,"column":4},"end":{"line":94,"column":43}},"19":{"start":{"line":95,"column":4},"end":{"line":95,"column":2845}},"20":{"start":{"line":102,"column":4},"end":{"line":102,"column":42}},"21":{"start":{"line":104,"column":4},"end":{"line":104,"column":3067}},"22":{"start":{"line":112,"column":4},"end":{"line":112,"column":41}},"23":{"start":{"line":119,"column":4},"end":{"line":119,"column":61}},"24":{"start":{"line":120,"column":4},"end":{"line":120,"column":59}},"25":{"start":{"line":121,"column":4},"end":{"line":121,"column":32}},"26":{"start":{"line":122,"column":4},"end":{"line":122,"column":76}},"27":{"start":{"line":124,"column":4},"end":{"line":124,"column":35}},"28":{"start":{"line":125,"column":4},"end":{"line":125,"column":39}},"29":{"start":{"line":126,"column":4},"end":{"line":126,"column":36}},"30":{"start":{"line":127,"column":4},"end":{"line":127,"column":3791}},"31":{"start":{"line":131,"column":4},"end":{"line":131,"column":37}},"32":{"start":{"line":135,"column":4},"end":{"line":135,"column":24}},"33":{"start":{"line":139,"column":4},"end":{"line":139,"column":27}},"34":{"start":{"line":143,"column":4},"end":{"line":143,"column":25}},"35":{"start":{"line":147,"column":4},"end":{"line":147,"column":24}},"36":{"start":{"line":151,"column":4},"end":{"line":151,"column":20}},"37":{"start":{"line":155,"column":4},"end":{"line":155,"column":27}},"38":{"start":{"line":159,"column":4},"end":{"line":159,"column":26}},"39":{"start":{"line":163,"column":4},"end":{"line":163,"column":32}},"40":{"start":{"line":167,"column":4},"end":{"line":167,"column":21}}},"branchMap":{"1":{"line":64,"type":"if","locations":[{"start":{"line":64,"column":4},"end":{"line":64,"column":4}},{"start":{"line":64,"column":4},"end":{"line":64,"column":4}}]},"2":{"line":67,"type":"if","locations":[{"start":{"line":67,"column":4},"end":{"line":67,"column":4}},{"start":{"line":67,"column":4},"end":{"line":67,"column":4}}]},"3":{"line":95,"type":"if","locations":[{"start":{"line":95,"column":4},"end":{"line":95,"column":4}},{"start":{"line":95,"column":4},"end":{"line":95,"column":4}}]},"4":{"line":127,"type":"if","locations":[{"start":{"line":127,"column":4},"end":{"line":127,"column":4}},{"start":{"line":127,"column":4},"end":{"line":127,"column":4}}]}}},
"contracts\\test\\VRFCoordinatorMock.sol":{"l":{},"path":"C:\\Users\\Administrator\\projects\\blockchain\\solidity-fcc\\hardhat-lottery\\contracts\\test\\VRFCoordinatorMock.sol","s":{},"b":{},"f":{},"fnMap":{},"statementMap":{},"branchMap":{}}}
