TN:
SF:C:\Users\Administrator\projects\blockchain\solidity-fcc\hardhat-lottery\contracts\Raffle.sol
FN:52,constructor
FN:63,enterRaffle
FN:74,checkUpkeep
FN:91,performUpkeep
FN:115,fulfillRandomWords
FN:134,getEntranceFee
FN:138,getPlayer
FN:142,getRecentWinner
FN:146,getRaffleState
FN:150,getNumWords
FN:154,getNumberOfPlayers
FN:158,getLatestTimeStamp
FN:162,getRequestConfirmations
FN:166,getInterval
FNF:14
FNH:8
FNDA:3,constructor
FNDA:11,enterRaffle
FNDA:9,checkUpkeep
FNDA:5,performUpkeep
FNDA:0,fulfillRandomWords
FNDA:13,getEntranceFee
FNDA:1,getPlayer
FNDA:0,getRecentWinner
FNDA:3,getRaffleState
FNDA:0,getNumWords
FNDA:0,getNumberOfPlayers
FNDA:0,getLatestTimeStamp
FNDA:0,getRequestConfirmations
FNDA:1,getInterval
DA:53,3
DA:54,3
DA:55,3
DA:56,3
DA:57,3
DA:58,3
DA:59,3
DA:60,3
DA:64,11
DA:65,1
DA:67,10
DA:68,1
DA:70,9
DA:71,9
DA:84,9
DA:85,9
DA:86,9
DA:87,9
DA:88,9
DA:94,5
DA:95,5
DA:96,1
DA:102,4
DA:104,4
DA:112,4
DA:119,0
DA:120,0
DA:121,0
DA:122,0
DA:124,0
DA:125,0
DA:126,0
DA:127,0
DA:128,0
DA:131,0
DA:135,13
DA:139,1
DA:143,0
DA:147,3
DA:151,0
DA:155,0
DA:159,0
DA:163,0
DA:167,1
LF:44
LH:29
BRDA:64,1,0,1
BRDA:64,1,1,10
BRDA:67,2,0,1
BRDA:67,2,1,9
BRDA:95,3,0,1
BRDA:95,3,1,4
BRDA:127,4,0,0
BRDA:127,4,1,0
BRF:8
BRH:6
end_of_record
TN:
SF:C:\Users\Administrator\projects\blockchain\solidity-fcc\hardhat-lottery\contracts\test\VRFCoordinatorMock.sol
FNF:0
FNH:0
LF:0
LH:0
BRF:0
BRH:0
end_of_record
